The system is: Linux - 2.6.32-642.6.2.el6.x86_64 - x86_64
Compiling the C compiler identification source file "CMakeCCompilerId.c" succeeded.
Compiler: /cvmfs/clicdp.cern.ch/compilers/gcc/6.2.0/x86_64-slc6/bin/gcc 
Build flags: 
Id flags: 

The output was:
0


Compilation of the C compiler identification source "CMakeCCompilerId.c" produced "a.out"

The C compiler identification is GNU, found in "/afs/cern.ch/user/m/mpetric/nightly_cppcheck/dd4hep/doc/CMakeFiles/3.6.2/CompilerIdC/a.out"

Compiling the CXX compiler identification source file "CMakeCXXCompilerId.cpp" succeeded.
Compiler: /cvmfs/clicdp.cern.ch/compilers/gcc/6.2.0/x86_64-slc6/bin/g++ 
Build flags: 
Id flags: 

The output was:
0


Compilation of the CXX compiler identification source "CMakeCXXCompilerId.cpp" produced "a.out"

The CXX compiler identification is GNU, found in "/afs/cern.ch/user/m/mpetric/nightly_cppcheck/dd4hep/doc/CMakeFiles/3.6.2/CompilerIdCXX/a.out"

Determining if the C compiler works passed with the following output:
Change Dir: /afs/cern.ch/user/m/mpetric/nightly_cppcheck/dd4hep/doc/CMakeFiles/CMakeTmp

Run Build Command:"/usr/bin/gmake" "cmTC_d6eea/fast"
/usr/bin/gmake -f CMakeFiles/cmTC_d6eea.dir/build.make CMakeFiles/cmTC_d6eea.dir/build
gmake[1]: Entering directory `/afs/cern.ch/user/m/mpetric/nightly_cppcheck/dd4hep/doc/CMakeFiles/CMakeTmp'
Building C object CMakeFiles/cmTC_d6eea.dir/testCCompiler.c.o
/cvmfs/clicdp.cern.ch/compilers/gcc/6.2.0/x86_64-slc6/bin/gcc     -o CMakeFiles/cmTC_d6eea.dir/testCCompiler.c.o   -c /afs/cern.ch/user/m/mpetric/nightly_cppcheck/dd4hep/doc/CMakeFiles/CMakeTmp/testCCompiler.c
Linking C executable cmTC_d6eea
/cvmfs/clicdp.cern.ch/software/CMake/3.6.2/x86_64-slc6-gcc62-opt/bin/cmake -E cmake_link_script CMakeFiles/cmTC_d6eea.dir/link.txt --verbose=1
/cvmfs/clicdp.cern.ch/compilers/gcc/6.2.0/x86_64-slc6/bin/gcc       CMakeFiles/cmTC_d6eea.dir/testCCompiler.c.o  -o cmTC_d6eea -rdynamic 
gmake[1]: Leaving directory `/afs/cern.ch/user/m/mpetric/nightly_cppcheck/dd4hep/doc/CMakeFiles/CMakeTmp'


Detecting C compiler ABI info compiled with the following output:
Change Dir: /afs/cern.ch/user/m/mpetric/nightly_cppcheck/dd4hep/doc/CMakeFiles/CMakeTmp

Run Build Command:"/usr/bin/gmake" "cmTC_e6d9d/fast"
/usr/bin/gmake -f CMakeFiles/cmTC_e6d9d.dir/build.make CMakeFiles/cmTC_e6d9d.dir/build
gmake[1]: Entering directory `/afs/cern.ch/user/m/mpetric/nightly_cppcheck/dd4hep/doc/CMakeFiles/CMakeTmp'
Building C object CMakeFiles/cmTC_e6d9d.dir/CMakeCCompilerABI.c.o
/cvmfs/clicdp.cern.ch/compilers/gcc/6.2.0/x86_64-slc6/bin/gcc     -o CMakeFiles/cmTC_e6d9d.dir/CMakeCCompilerABI.c.o   -c /cvmfs/clicdp.cern.ch/software/CMake/3.6.2/x86_64-slc6-gcc62-opt/share/cmake-3.6/Modules/CMakeCCompilerABI.c
Linking C executable cmTC_e6d9d
/cvmfs/clicdp.cern.ch/software/CMake/3.6.2/x86_64-slc6-gcc62-opt/bin/cmake -E cmake_link_script CMakeFiles/cmTC_e6d9d.dir/link.txt --verbose=1
/cvmfs/clicdp.cern.ch/compilers/gcc/6.2.0/x86_64-slc6/bin/gcc      -v CMakeFiles/cmTC_e6d9d.dir/CMakeCCompilerABI.c.o  -o cmTC_e6d9d -rdynamic  
Using built-in specs.
COLLECT_GCC=/cvmfs/clicdp.cern.ch/compilers/gcc/6.2.0/x86_64-slc6/bin/gcc
COLLECT_LTO_WRAPPER=/cvmfs/clicdp.cern.ch/compilers/gcc/6.2.0/x86_64-slc6/libexec/gcc/x86_64-pc-linux-gnu/6.2.0/lto-wrapper
Target: x86_64-pc-linux-gnu
Configured with: ./configure --prefix=/cvmfs/clicdp.cern.ch/compilers/gcc/6.2.0/x86_64-slc6/ --enable-languages=c,c++,fortran,go
Thread model: posix
gcc version 6.2.0 (GCC) 
COMPILER_PATH=/cvmfs/clicdp.cern.ch/compilers/gcc/6.2.0/x86_64-slc6/lib/gcc/x86_64-pc-linux-gnu/6.2.0/:/cvmfs/clicdp.cern.ch/compilers/gcc/6.2.0/x86_64-slc6/libexec/gcc/x86_64-pc-linux-gnu/6.2.0/:/cvmfs/clicdp.cern.ch/compilers/gcc/6.2.0/x86_64-slc6/libexec/gcc/x86_64-pc-linux-gnu/6.2.0/:/cvmfs/clicdp.cern.ch/compilers/gcc/6.2.0/x86_64-slc6/libexec/gcc/x86_64-pc-linux-gnu/:/cvmfs/clicdp.cern.ch/compilers/gcc/6.2.0/x86_64-slc6/lib/gcc/x86_64-pc-linux-gnu/6.2.0/:/cvmfs/clicdp.cern.ch/compilers/gcc/6.2.0/x86_64-slc6/lib/gcc/x86_64-pc-linux-gnu/
LIBRARY_PATH=/cvmfs/clicdp.cern.ch/compilers/gcc/6.2.0/x86_64-slc6/lib/gcc/x86_64-pc-linux-gnu/6.2.0/:/cvmfs/clicdp.cern.ch/compilers/gcc/6.2.0/x86_64-slc6/lib/gcc/x86_64-pc-linux-gnu/6.2.0/../../../../lib64/:/lib/../lib64/:/usr/lib/../lib64/:/cvmfs/clicdp.cern.ch/compilers/gcc/6.2.0/x86_64-slc6/lib/gcc/x86_64-pc-linux-gnu/6.2.0/../../../:/lib/:/usr/lib/
COLLECT_GCC_OPTIONS='-v' '-o' 'cmTC_e6d9d' '-rdynamic' '-mtune=generic' '-march=x86-64'
 /cvmfs/clicdp.cern.ch/compilers/gcc/6.2.0/x86_64-slc6/libexec/gcc/x86_64-pc-linux-gnu/6.2.0/collect2 --eh-frame-hdr -m elf_x86_64 -export-dynamic -dynamic-linker /lib64/ld-linux-x86-64.so.2 -o cmTC_e6d9d /usr/lib/../lib64/crt1.o /usr/lib/../lib64/crti.o /cvmfs/clicdp.cern.ch/compilers/gcc/6.2.0/x86_64-slc6/lib/gcc/x86_64-pc-linux-gnu/6.2.0/crtbegin.o -L/cvmfs/clicdp.cern.ch/compilers/gcc/6.2.0/x86_64-slc6/lib/gcc/x86_64-pc-linux-gnu/6.2.0 -L/cvmfs/clicdp.cern.ch/compilers/gcc/6.2.0/x86_64-slc6/lib/gcc/x86_64-pc-linux-gnu/6.2.0/../../../../lib64 -L/lib/../lib64 -L/usr/lib/../lib64 -L/cvmfs/clicdp.cern.ch/compilers/gcc/6.2.0/x86_64-slc6/lib/gcc/x86_64-pc-linux-gnu/6.2.0/../../.. CMakeFiles/cmTC_e6d9d.dir/CMakeCCompilerABI.c.o -lgcc --as-needed -lgcc_s --no-as-needed -lc -lgcc --as-needed -lgcc_s --no-as-needed /cvmfs/clicdp.cern.ch/compilers/gcc/6.2.0/x86_64-slc6/lib/gcc/x86_64-pc-linux-gnu/6.2.0/crtend.o /usr/lib/../lib64/crtn.o
COLLECT_GCC_OPTIONS='-v' '-o' 'cmTC_e6d9d' '-rdynamic' '-mtune=generic' '-march=x86-64'
gmake[1]: Leaving directory `/afs/cern.ch/user/m/mpetric/nightly_cppcheck/dd4hep/doc/CMakeFiles/CMakeTmp'


Parsed C implicit link information from above output:
  link line regex: [^( *|.*[/\])(ld|([^/\]+-)?ld|collect2)[^/\]*( |$)]
  ignore line: [Change Dir: /afs/cern.ch/user/m/mpetric/nightly_cppcheck/dd4hep/doc/CMakeFiles/CMakeTmp]
  ignore line: []
  ignore line: [Run Build Command:"/usr/bin/gmake" "cmTC_e6d9d/fast"]
  ignore line: [/usr/bin/gmake -f CMakeFiles/cmTC_e6d9d.dir/build.make CMakeFiles/cmTC_e6d9d.dir/build]
  ignore line: [gmake[1]: Entering directory `/afs/cern.ch/user/m/mpetric/nightly_cppcheck/dd4hep/doc/CMakeFiles/CMakeTmp']
  ignore line: [Building C object CMakeFiles/cmTC_e6d9d.dir/CMakeCCompilerABI.c.o]
  ignore line: [/cvmfs/clicdp.cern.ch/compilers/gcc/6.2.0/x86_64-slc6/bin/gcc     -o CMakeFiles/cmTC_e6d9d.dir/CMakeCCompilerABI.c.o   -c /cvmfs/clicdp.cern.ch/software/CMake/3.6.2/x86_64-slc6-gcc62-opt/share/cmake-3.6/Modules/CMakeCCompilerABI.c]
  ignore line: [Linking C executable cmTC_e6d9d]
  ignore line: [/cvmfs/clicdp.cern.ch/software/CMake/3.6.2/x86_64-slc6-gcc62-opt/bin/cmake -E cmake_link_script CMakeFiles/cmTC_e6d9d.dir/link.txt --verbose=1]
  ignore line: [/cvmfs/clicdp.cern.ch/compilers/gcc/6.2.0/x86_64-slc6/bin/gcc      -v CMakeFiles/cmTC_e6d9d.dir/CMakeCCompilerABI.c.o  -o cmTC_e6d9d -rdynamic  ]
  ignore line: [Using built-in specs.]
  ignore line: [COLLECT_GCC=/cvmfs/clicdp.cern.ch/compilers/gcc/6.2.0/x86_64-slc6/bin/gcc]
  ignore line: [COLLECT_LTO_WRAPPER=/cvmfs/clicdp.cern.ch/compilers/gcc/6.2.0/x86_64-slc6/libexec/gcc/x86_64-pc-linux-gnu/6.2.0/lto-wrapper]
  ignore line: [Target: x86_64-pc-linux-gnu]
  ignore line: [Configured with: ./configure --prefix=/cvmfs/clicdp.cern.ch/compilers/gcc/6.2.0/x86_64-slc6/ --enable-languages=c,c++,fortran,go]
  ignore line: [Thread model: posix]
  ignore line: [gcc version 6.2.0 (GCC) ]
  ignore line: [COMPILER_PATH=/cvmfs/clicdp.cern.ch/compilers/gcc/6.2.0/x86_64-slc6/lib/gcc/x86_64-pc-linux-gnu/6.2.0/:/cvmfs/clicdp.cern.ch/compilers/gcc/6.2.0/x86_64-slc6/libexec/gcc/x86_64-pc-linux-gnu/6.2.0/:/cvmfs/clicdp.cern.ch/compilers/gcc/6.2.0/x86_64-slc6/libexec/gcc/x86_64-pc-linux-gnu/6.2.0/:/cvmfs/clicdp.cern.ch/compilers/gcc/6.2.0/x86_64-slc6/libexec/gcc/x86_64-pc-linux-gnu/:/cvmfs/clicdp.cern.ch/compilers/gcc/6.2.0/x86_64-slc6/lib/gcc/x86_64-pc-linux-gnu/6.2.0/:/cvmfs/clicdp.cern.ch/compilers/gcc/6.2.0/x86_64-slc6/lib/gcc/x86_64-pc-linux-gnu/]
  ignore line: [LIBRARY_PATH=/cvmfs/clicdp.cern.ch/compilers/gcc/6.2.0/x86_64-slc6/lib/gcc/x86_64-pc-linux-gnu/6.2.0/:/cvmfs/clicdp.cern.ch/compilers/gcc/6.2.0/x86_64-slc6/lib/gcc/x86_64-pc-linux-gnu/6.2.0/../../../../lib64/:/lib/../lib64/:/usr/lib/../lib64/:/cvmfs/clicdp.cern.ch/compilers/gcc/6.2.0/x86_64-slc6/lib/gcc/x86_64-pc-linux-gnu/6.2.0/../../../:/lib/:/usr/lib/]
  ignore line: [COLLECT_GCC_OPTIONS='-v' '-o' 'cmTC_e6d9d' '-rdynamic' '-mtune=generic' '-march=x86-64']
  link line: [ /cvmfs/clicdp.cern.ch/compilers/gcc/6.2.0/x86_64-slc6/libexec/gcc/x86_64-pc-linux-gnu/6.2.0/collect2 --eh-frame-hdr -m elf_x86_64 -export-dynamic -dynamic-linker /lib64/ld-linux-x86-64.so.2 -o cmTC_e6d9d /usr/lib/../lib64/crt1.o /usr/lib/../lib64/crti.o /cvmfs/clicdp.cern.ch/compilers/gcc/6.2.0/x86_64-slc6/lib/gcc/x86_64-pc-linux-gnu/6.2.0/crtbegin.o -L/cvmfs/clicdp.cern.ch/compilers/gcc/6.2.0/x86_64-slc6/lib/gcc/x86_64-pc-linux-gnu/6.2.0 -L/cvmfs/clicdp.cern.ch/compilers/gcc/6.2.0/x86_64-slc6/lib/gcc/x86_64-pc-linux-gnu/6.2.0/../../../../lib64 -L/lib/../lib64 -L/usr/lib/../lib64 -L/cvmfs/clicdp.cern.ch/compilers/gcc/6.2.0/x86_64-slc6/lib/gcc/x86_64-pc-linux-gnu/6.2.0/../../.. CMakeFiles/cmTC_e6d9d.dir/CMakeCCompilerABI.c.o -lgcc --as-needed -lgcc_s --no-as-needed -lc -lgcc --as-needed -lgcc_s --no-as-needed /cvmfs/clicdp.cern.ch/compilers/gcc/6.2.0/x86_64-slc6/lib/gcc/x86_64-pc-linux-gnu/6.2.0/crtend.o /usr/lib/../lib64/crtn.o]
    arg [/cvmfs/clicdp.cern.ch/compilers/gcc/6.2.0/x86_64-slc6/libexec/gcc/x86_64-pc-linux-gnu/6.2.0/collect2] ==> ignore
    arg [--eh-frame-hdr] ==> ignore
    arg [-m] ==> ignore
    arg [elf_x86_64] ==> ignore
    arg [-export-dynamic] ==> ignore
    arg [-dynamic-linker] ==> ignore
    arg [/lib64/ld-linux-x86-64.so.2] ==> ignore
    arg [-o] ==> ignore
    arg [cmTC_e6d9d] ==> ignore
    arg [/usr/lib/../lib64/crt1.o] ==> ignore
    arg [/usr/lib/../lib64/crti.o] ==> ignore
    arg [/cvmfs/clicdp.cern.ch/compilers/gcc/6.2.0/x86_64-slc6/lib/gcc/x86_64-pc-linux-gnu/6.2.0/crtbegin.o] ==> ignore
    arg [-L/cvmfs/clicdp.cern.ch/compilers/gcc/6.2.0/x86_64-slc6/lib/gcc/x86_64-pc-linux-gnu/6.2.0] ==> dir [/cvmfs/clicdp.cern.ch/compilers/gcc/6.2.0/x86_64-slc6/lib/gcc/x86_64-pc-linux-gnu/6.2.0]
    arg [-L/cvmfs/clicdp.cern.ch/compilers/gcc/6.2.0/x86_64-slc6/lib/gcc/x86_64-pc-linux-gnu/6.2.0/../../../../lib64] ==> dir [/cvmfs/clicdp.cern.ch/compilers/gcc/6.2.0/x86_64-slc6/lib/gcc/x86_64-pc-linux-gnu/6.2.0/../../../../lib64]
    arg [-L/lib/../lib64] ==> dir [/lib/../lib64]
    arg [-L/usr/lib/../lib64] ==> dir [/usr/lib/../lib64]
    arg [-L/cvmfs/clicdp.cern.ch/compilers/gcc/6.2.0/x86_64-slc6/lib/gcc/x86_64-pc-linux-gnu/6.2.0/../../..] ==> dir [/cvmfs/clicdp.cern.ch/compilers/gcc/6.2.0/x86_64-slc6/lib/gcc/x86_64-pc-linux-gnu/6.2.0/../../..]
    arg [CMakeFiles/cmTC_e6d9d.dir/CMakeCCompilerABI.c.o] ==> ignore
    arg [-lgcc] ==> lib [gcc]
    arg [--as-needed] ==> ignore
    arg [-lgcc_s] ==> lib [gcc_s]
    arg [--no-as-needed] ==> ignore
    arg [-lc] ==> lib [c]
    arg [-lgcc] ==> lib [gcc]
    arg [--as-needed] ==> ignore
    arg [-lgcc_s] ==> lib [gcc_s]
    arg [--no-as-needed] ==> ignore
    arg [/cvmfs/clicdp.cern.ch/compilers/gcc/6.2.0/x86_64-slc6/lib/gcc/x86_64-pc-linux-gnu/6.2.0/crtend.o] ==> ignore
    arg [/usr/lib/../lib64/crtn.o] ==> ignore
  remove lib [gcc]
  remove lib [gcc_s]
  remove lib [gcc]
  remove lib [gcc_s]
  collapse library dir [/cvmfs/clicdp.cern.ch/compilers/gcc/6.2.0/x86_64-slc6/lib/gcc/x86_64-pc-linux-gnu/6.2.0] ==> [/cvmfs/clicdp.cern.ch/compilers/gcc/6.2.0/x86_64-slc6/lib/gcc/x86_64-pc-linux-gnu/6.2.0]
  collapse library dir [/cvmfs/clicdp.cern.ch/compilers/gcc/6.2.0/x86_64-slc6/lib/gcc/x86_64-pc-linux-gnu/6.2.0/../../../../lib64] ==> [/cvmfs/clicdp.cern.ch/compilers/gcc/6.2.0/x86_64-slc6/lib64]
  collapse library dir [/lib/../lib64] ==> [/lib64]
  collapse library dir [/usr/lib/../lib64] ==> [/usr/lib64]
  collapse library dir [/cvmfs/clicdp.cern.ch/compilers/gcc/6.2.0/x86_64-slc6/lib/gcc/x86_64-pc-linux-gnu/6.2.0/../../..] ==> [/cvmfs/clicdp.cern.ch/compilers/gcc/6.2.0/x86_64-slc6/lib]
  implicit libs: [c]
  implicit dirs: [/cvmfs/clicdp.cern.ch/compilers/gcc/6.2.0/x86_64-slc6/lib/gcc/x86_64-pc-linux-gnu/6.2.0;/cvmfs/clicdp.cern.ch/compilers/gcc/6.2.0/x86_64-slc6/lib64;/lib64;/usr/lib64;/cvmfs/clicdp.cern.ch/compilers/gcc/6.2.0/x86_64-slc6/lib]
  implicit fwks: []




Detecting C [-std=c11] compiler features compiled with the following output:
Change Dir: /afs/cern.ch/user/m/mpetric/nightly_cppcheck/dd4hep/doc/CMakeFiles/CMakeTmp

Run Build Command:"/usr/bin/gmake" "cmTC_ad0a6/fast"
/usr/bin/gmake -f CMakeFiles/cmTC_ad0a6.dir/build.make CMakeFiles/cmTC_ad0a6.dir/build
gmake[1]: Entering directory `/afs/cern.ch/user/m/mpetric/nightly_cppcheck/dd4hep/doc/CMakeFiles/CMakeTmp'
Building C object CMakeFiles/cmTC_ad0a6.dir/feature_tests.c.o
/cvmfs/clicdp.cern.ch/compilers/gcc/6.2.0/x86_64-slc6/bin/gcc    -std=c11 -o CMakeFiles/cmTC_ad0a6.dir/feature_tests.c.o   -c /afs/cern.ch/user/m/mpetric/nightly_cppcheck/dd4hep/doc/CMakeFiles/feature_tests.c
Linking C executable cmTC_ad0a6
/cvmfs/clicdp.cern.ch/software/CMake/3.6.2/x86_64-slc6-gcc62-opt/bin/cmake -E cmake_link_script CMakeFiles/cmTC_ad0a6.dir/link.txt --verbose=1
/cvmfs/clicdp.cern.ch/compilers/gcc/6.2.0/x86_64-slc6/bin/gcc       CMakeFiles/cmTC_ad0a6.dir/feature_tests.c.o  -o cmTC_ad0a6 -rdynamic 
gmake[1]: Leaving directory `/afs/cern.ch/user/m/mpetric/nightly_cppcheck/dd4hep/doc/CMakeFiles/CMakeTmp'


    Feature record: C_FEATURE:1c_function_prototypes
    Feature record: C_FEATURE:1c_restrict
    Feature record: C_FEATURE:1c_static_assert
    Feature record: C_FEATURE:1c_variadic_macros


Detecting C [-std=c99] compiler features compiled with the following output:
Change Dir: /afs/cern.ch/user/m/mpetric/nightly_cppcheck/dd4hep/doc/CMakeFiles/CMakeTmp

Run Build Command:"/usr/bin/gmake" "cmTC_51276/fast"
/usr/bin/gmake -f CMakeFiles/cmTC_51276.dir/build.make CMakeFiles/cmTC_51276.dir/build
gmake[1]: Entering directory `/afs/cern.ch/user/m/mpetric/nightly_cppcheck/dd4hep/doc/CMakeFiles/CMakeTmp'
Building C object CMakeFiles/cmTC_51276.dir/feature_tests.c.o
/cvmfs/clicdp.cern.ch/compilers/gcc/6.2.0/x86_64-slc6/bin/gcc    -std=c99 -o CMakeFiles/cmTC_51276.dir/feature_tests.c.o   -c /afs/cern.ch/user/m/mpetric/nightly_cppcheck/dd4hep/doc/CMakeFiles/feature_tests.c
Linking C executable cmTC_51276
/cvmfs/clicdp.cern.ch/software/CMake/3.6.2/x86_64-slc6-gcc62-opt/bin/cmake -E cmake_link_script CMakeFiles/cmTC_51276.dir/link.txt --verbose=1
/cvmfs/clicdp.cern.ch/compilers/gcc/6.2.0/x86_64-slc6/bin/gcc       CMakeFiles/cmTC_51276.dir/feature_tests.c.o  -o cmTC_51276 -rdynamic 
gmake[1]: Leaving directory `/afs/cern.ch/user/m/mpetric/nightly_cppcheck/dd4hep/doc/CMakeFiles/CMakeTmp'


    Feature record: C_FEATURE:1c_function_prototypes
    Feature record: C_FEATURE:1c_restrict
    Feature record: C_FEATURE:0c_static_assert
    Feature record: C_FEATURE:1c_variadic_macros


Detecting C [-std=c90] compiler features compiled with the following output:
Change Dir: /afs/cern.ch/user/m/mpetric/nightly_cppcheck/dd4hep/doc/CMakeFiles/CMakeTmp

Run Build Command:"/usr/bin/gmake" "cmTC_2e291/fast"
/usr/bin/gmake -f CMakeFiles/cmTC_2e291.dir/build.make CMakeFiles/cmTC_2e291.dir/build
gmake[1]: Entering directory `/afs/cern.ch/user/m/mpetric/nightly_cppcheck/dd4hep/doc/CMakeFiles/CMakeTmp'
Building C object CMakeFiles/cmTC_2e291.dir/feature_tests.c.o
/cvmfs/clicdp.cern.ch/compilers/gcc/6.2.0/x86_64-slc6/bin/gcc    -std=c90 -o CMakeFiles/cmTC_2e291.dir/feature_tests.c.o   -c /afs/cern.ch/user/m/mpetric/nightly_cppcheck/dd4hep/doc/CMakeFiles/feature_tests.c
Linking C executable cmTC_2e291
/cvmfs/clicdp.cern.ch/software/CMake/3.6.2/x86_64-slc6-gcc62-opt/bin/cmake -E cmake_link_script CMakeFiles/cmTC_2e291.dir/link.txt --verbose=1
/cvmfs/clicdp.cern.ch/compilers/gcc/6.2.0/x86_64-slc6/bin/gcc       CMakeFiles/cmTC_2e291.dir/feature_tests.c.o  -o cmTC_2e291 -rdynamic 
gmake[1]: Leaving directory `/afs/cern.ch/user/m/mpetric/nightly_cppcheck/dd4hep/doc/CMakeFiles/CMakeTmp'


    Feature record: C_FEATURE:1c_function_prototypes
    Feature record: C_FEATURE:0c_restrict
    Feature record: C_FEATURE:0c_static_assert
    Feature record: C_FEATURE:0c_variadic_macros
Determining if the CXX compiler works passed with the following output:
Change Dir: /afs/cern.ch/user/m/mpetric/nightly_cppcheck/dd4hep/doc/CMakeFiles/CMakeTmp

Run Build Command:"/usr/bin/gmake" "cmTC_65395/fast"
/usr/bin/gmake -f CMakeFiles/cmTC_65395.dir/build.make CMakeFiles/cmTC_65395.dir/build
gmake[1]: Entering directory `/afs/cern.ch/user/m/mpetric/nightly_cppcheck/dd4hep/doc/CMakeFiles/CMakeTmp'
Building CXX object CMakeFiles/cmTC_65395.dir/testCXXCompiler.cxx.o
/cvmfs/clicdp.cern.ch/compilers/gcc/6.2.0/x86_64-slc6/bin/g++      -o CMakeFiles/cmTC_65395.dir/testCXXCompiler.cxx.o -c /afs/cern.ch/user/m/mpetric/nightly_cppcheck/dd4hep/doc/CMakeFiles/CMakeTmp/testCXXCompiler.cxx
Linking CXX executable cmTC_65395
/cvmfs/clicdp.cern.ch/software/CMake/3.6.2/x86_64-slc6-gcc62-opt/bin/cmake -E cmake_link_script CMakeFiles/cmTC_65395.dir/link.txt --verbose=1
/cvmfs/clicdp.cern.ch/compilers/gcc/6.2.0/x86_64-slc6/bin/g++        CMakeFiles/cmTC_65395.dir/testCXXCompiler.cxx.o  -o cmTC_65395 -rdynamic 
gmake[1]: Leaving directory `/afs/cern.ch/user/m/mpetric/nightly_cppcheck/dd4hep/doc/CMakeFiles/CMakeTmp'


Detecting CXX compiler ABI info compiled with the following output:
Change Dir: /afs/cern.ch/user/m/mpetric/nightly_cppcheck/dd4hep/doc/CMakeFiles/CMakeTmp

Run Build Command:"/usr/bin/gmake" "cmTC_bff1a/fast"
/usr/bin/gmake -f CMakeFiles/cmTC_bff1a.dir/build.make CMakeFiles/cmTC_bff1a.dir/build
gmake[1]: Entering directory `/afs/cern.ch/user/m/mpetric/nightly_cppcheck/dd4hep/doc/CMakeFiles/CMakeTmp'
Building CXX object CMakeFiles/cmTC_bff1a.dir/CMakeCXXCompilerABI.cpp.o
/cvmfs/clicdp.cern.ch/compilers/gcc/6.2.0/x86_64-slc6/bin/g++      -o CMakeFiles/cmTC_bff1a.dir/CMakeCXXCompilerABI.cpp.o -c /cvmfs/clicdp.cern.ch/software/CMake/3.6.2/x86_64-slc6-gcc62-opt/share/cmake-3.6/Modules/CMakeCXXCompilerABI.cpp
Linking CXX executable cmTC_bff1a
/cvmfs/clicdp.cern.ch/software/CMake/3.6.2/x86_64-slc6-gcc62-opt/bin/cmake -E cmake_link_script CMakeFiles/cmTC_bff1a.dir/link.txt --verbose=1
/cvmfs/clicdp.cern.ch/compilers/gcc/6.2.0/x86_64-slc6/bin/g++       -v CMakeFiles/cmTC_bff1a.dir/CMakeCXXCompilerABI.cpp.o  -o cmTC_bff1a -rdynamic  
Using built-in specs.
COLLECT_GCC=/cvmfs/clicdp.cern.ch/compilers/gcc/6.2.0/x86_64-slc6/bin/g++
COLLECT_LTO_WRAPPER=/cvmfs/clicdp.cern.ch/compilers/gcc/6.2.0/x86_64-slc6/libexec/gcc/x86_64-pc-linux-gnu/6.2.0/lto-wrapper
Target: x86_64-pc-linux-gnu
Configured with: ./configure --prefix=/cvmfs/clicdp.cern.ch/compilers/gcc/6.2.0/x86_64-slc6/ --enable-languages=c,c++,fortran,go
Thread model: posix
gcc version 6.2.0 (GCC) 
COMPILER_PATH=/cvmfs/clicdp.cern.ch/compilers/gcc/6.2.0/x86_64-slc6/lib/gcc/x86_64-pc-linux-gnu/6.2.0/:/cvmfs/clicdp.cern.ch/compilers/gcc/6.2.0/x86_64-slc6/libexec/gcc/x86_64-pc-linux-gnu/6.2.0/:/cvmfs/clicdp.cern.ch/compilers/gcc/6.2.0/x86_64-slc6/libexec/gcc/x86_64-pc-linux-gnu/6.2.0/:/cvmfs/clicdp.cern.ch/compilers/gcc/6.2.0/x86_64-slc6/libexec/gcc/x86_64-pc-linux-gnu/:/cvmfs/clicdp.cern.ch/compilers/gcc/6.2.0/x86_64-slc6/lib/gcc/x86_64-pc-linux-gnu/6.2.0/:/cvmfs/clicdp.cern.ch/compilers/gcc/6.2.0/x86_64-slc6/lib/gcc/x86_64-pc-linux-gnu/
LIBRARY_PATH=/cvmfs/clicdp.cern.ch/compilers/gcc/6.2.0/x86_64-slc6/lib/gcc/x86_64-pc-linux-gnu/6.2.0/:/cvmfs/clicdp.cern.ch/compilers/gcc/6.2.0/x86_64-slc6/lib/gcc/x86_64-pc-linux-gnu/6.2.0/../../../../lib64/:/lib/../lib64/:/usr/lib/../lib64/:/cvmfs/clicdp.cern.ch/compilers/gcc/6.2.0/x86_64-slc6/lib/gcc/x86_64-pc-linux-gnu/6.2.0/../../../:/lib/:/usr/lib/
COLLECT_GCC_OPTIONS='-v' '-o' 'cmTC_bff1a' '-rdynamic' '-shared-libgcc' '-mtune=generic' '-march=x86-64'
 /cvmfs/clicdp.cern.ch/compilers/gcc/6.2.0/x86_64-slc6/libexec/gcc/x86_64-pc-linux-gnu/6.2.0/collect2 --eh-frame-hdr -m elf_x86_64 -export-dynamic -dynamic-linker /lib64/ld-linux-x86-64.so.2 -o cmTC_bff1a /usr/lib/../lib64/crt1.o /usr/lib/../lib64/crti.o /cvmfs/clicdp.cern.ch/compilers/gcc/6.2.0/x86_64-slc6/lib/gcc/x86_64-pc-linux-gnu/6.2.0/crtbegin.o -L/cvmfs/clicdp.cern.ch/compilers/gcc/6.2.0/x86_64-slc6/lib/gcc/x86_64-pc-linux-gnu/6.2.0 -L/cvmfs/clicdp.cern.ch/compilers/gcc/6.2.0/x86_64-slc6/lib/gcc/x86_64-pc-linux-gnu/6.2.0/../../../../lib64 -L/lib/../lib64 -L/usr/lib/../lib64 -L/cvmfs/clicdp.cern.ch/compilers/gcc/6.2.0/x86_64-slc6/lib/gcc/x86_64-pc-linux-gnu/6.2.0/../../.. CMakeFiles/cmTC_bff1a.dir/CMakeCXXCompilerABI.cpp.o -lstdc++ -lm -lgcc_s -lgcc -lc -lgcc_s -lgcc /cvmfs/clicdp.cern.ch/compilers/gcc/6.2.0/x86_64-slc6/lib/gcc/x86_64-pc-linux-gnu/6.2.0/crtend.o /usr/lib/../lib64/crtn.o
COLLECT_GCC_OPTIONS='-v' '-o' 'cmTC_bff1a' '-rdynamic' '-shared-libgcc' '-mtune=generic' '-march=x86-64'
gmake[1]: Leaving directory `/afs/cern.ch/user/m/mpetric/nightly_cppcheck/dd4hep/doc/CMakeFiles/CMakeTmp'


Parsed CXX implicit link information from above output:
  link line regex: [^( *|.*[/\])(ld|([^/\]+-)?ld|collect2)[^/\]*( |$)]
  ignore line: [Change Dir: /afs/cern.ch/user/m/mpetric/nightly_cppcheck/dd4hep/doc/CMakeFiles/CMakeTmp]
  ignore line: []
  ignore line: [Run Build Command:"/usr/bin/gmake" "cmTC_bff1a/fast"]
  ignore line: [/usr/bin/gmake -f CMakeFiles/cmTC_bff1a.dir/build.make CMakeFiles/cmTC_bff1a.dir/build]
  ignore line: [gmake[1]: Entering directory `/afs/cern.ch/user/m/mpetric/nightly_cppcheck/dd4hep/doc/CMakeFiles/CMakeTmp']
  ignore line: [Building CXX object CMakeFiles/cmTC_bff1a.dir/CMakeCXXCompilerABI.cpp.o]
  ignore line: [/cvmfs/clicdp.cern.ch/compilers/gcc/6.2.0/x86_64-slc6/bin/g++      -o CMakeFiles/cmTC_bff1a.dir/CMakeCXXCompilerABI.cpp.o -c /cvmfs/clicdp.cern.ch/software/CMake/3.6.2/x86_64-slc6-gcc62-opt/share/cmake-3.6/Modules/CMakeCXXCompilerABI.cpp]
  ignore line: [Linking CXX executable cmTC_bff1a]
  ignore line: [/cvmfs/clicdp.cern.ch/software/CMake/3.6.2/x86_64-slc6-gcc62-opt/bin/cmake -E cmake_link_script CMakeFiles/cmTC_bff1a.dir/link.txt --verbose=1]
  ignore line: [/cvmfs/clicdp.cern.ch/compilers/gcc/6.2.0/x86_64-slc6/bin/g++       -v CMakeFiles/cmTC_bff1a.dir/CMakeCXXCompilerABI.cpp.o  -o cmTC_bff1a -rdynamic  ]
  ignore line: [Using built-in specs.]
  ignore line: [COLLECT_GCC=/cvmfs/clicdp.cern.ch/compilers/gcc/6.2.0/x86_64-slc6/bin/g++]
  ignore line: [COLLECT_LTO_WRAPPER=/cvmfs/clicdp.cern.ch/compilers/gcc/6.2.0/x86_64-slc6/libexec/gcc/x86_64-pc-linux-gnu/6.2.0/lto-wrapper]
  ignore line: [Target: x86_64-pc-linux-gnu]
  ignore line: [Configured with: ./configure --prefix=/cvmfs/clicdp.cern.ch/compilers/gcc/6.2.0/x86_64-slc6/ --enable-languages=c,c++,fortran,go]
  ignore line: [Thread model: posix]
  ignore line: [gcc version 6.2.0 (GCC) ]
  ignore line: [COMPILER_PATH=/cvmfs/clicdp.cern.ch/compilers/gcc/6.2.0/x86_64-slc6/lib/gcc/x86_64-pc-linux-gnu/6.2.0/:/cvmfs/clicdp.cern.ch/compilers/gcc/6.2.0/x86_64-slc6/libexec/gcc/x86_64-pc-linux-gnu/6.2.0/:/cvmfs/clicdp.cern.ch/compilers/gcc/6.2.0/x86_64-slc6/libexec/gcc/x86_64-pc-linux-gnu/6.2.0/:/cvmfs/clicdp.cern.ch/compilers/gcc/6.2.0/x86_64-slc6/libexec/gcc/x86_64-pc-linux-gnu/:/cvmfs/clicdp.cern.ch/compilers/gcc/6.2.0/x86_64-slc6/lib/gcc/x86_64-pc-linux-gnu/6.2.0/:/cvmfs/clicdp.cern.ch/compilers/gcc/6.2.0/x86_64-slc6/lib/gcc/x86_64-pc-linux-gnu/]
  ignore line: [LIBRARY_PATH=/cvmfs/clicdp.cern.ch/compilers/gcc/6.2.0/x86_64-slc6/lib/gcc/x86_64-pc-linux-gnu/6.2.0/:/cvmfs/clicdp.cern.ch/compilers/gcc/6.2.0/x86_64-slc6/lib/gcc/x86_64-pc-linux-gnu/6.2.0/../../../../lib64/:/lib/../lib64/:/usr/lib/../lib64/:/cvmfs/clicdp.cern.ch/compilers/gcc/6.2.0/x86_64-slc6/lib/gcc/x86_64-pc-linux-gnu/6.2.0/../../../:/lib/:/usr/lib/]
  ignore line: [COLLECT_GCC_OPTIONS='-v' '-o' 'cmTC_bff1a' '-rdynamic' '-shared-libgcc' '-mtune=generic' '-march=x86-64']
  link line: [ /cvmfs/clicdp.cern.ch/compilers/gcc/6.2.0/x86_64-slc6/libexec/gcc/x86_64-pc-linux-gnu/6.2.0/collect2 --eh-frame-hdr -m elf_x86_64 -export-dynamic -dynamic-linker /lib64/ld-linux-x86-64.so.2 -o cmTC_bff1a /usr/lib/../lib64/crt1.o /usr/lib/../lib64/crti.o /cvmfs/clicdp.cern.ch/compilers/gcc/6.2.0/x86_64-slc6/lib/gcc/x86_64-pc-linux-gnu/6.2.0/crtbegin.o -L/cvmfs/clicdp.cern.ch/compilers/gcc/6.2.0/x86_64-slc6/lib/gcc/x86_64-pc-linux-gnu/6.2.0 -L/cvmfs/clicdp.cern.ch/compilers/gcc/6.2.0/x86_64-slc6/lib/gcc/x86_64-pc-linux-gnu/6.2.0/../../../../lib64 -L/lib/../lib64 -L/usr/lib/../lib64 -L/cvmfs/clicdp.cern.ch/compilers/gcc/6.2.0/x86_64-slc6/lib/gcc/x86_64-pc-linux-gnu/6.2.0/../../.. CMakeFiles/cmTC_bff1a.dir/CMakeCXXCompilerABI.cpp.o -lstdc++ -lm -lgcc_s -lgcc -lc -lgcc_s -lgcc /cvmfs/clicdp.cern.ch/compilers/gcc/6.2.0/x86_64-slc6/lib/gcc/x86_64-pc-linux-gnu/6.2.0/crtend.o /usr/lib/../lib64/crtn.o]
    arg [/cvmfs/clicdp.cern.ch/compilers/gcc/6.2.0/x86_64-slc6/libexec/gcc/x86_64-pc-linux-gnu/6.2.0/collect2] ==> ignore
    arg [--eh-frame-hdr] ==> ignore
    arg [-m] ==> ignore
    arg [elf_x86_64] ==> ignore
    arg [-export-dynamic] ==> ignore
    arg [-dynamic-linker] ==> ignore
    arg [/lib64/ld-linux-x86-64.so.2] ==> ignore
    arg [-o] ==> ignore
    arg [cmTC_bff1a] ==> ignore
    arg [/usr/lib/../lib64/crt1.o] ==> ignore
    arg [/usr/lib/../lib64/crti.o] ==> ignore
    arg [/cvmfs/clicdp.cern.ch/compilers/gcc/6.2.0/x86_64-slc6/lib/gcc/x86_64-pc-linux-gnu/6.2.0/crtbegin.o] ==> ignore
    arg [-L/cvmfs/clicdp.cern.ch/compilers/gcc/6.2.0/x86_64-slc6/lib/gcc/x86_64-pc-linux-gnu/6.2.0] ==> dir [/cvmfs/clicdp.cern.ch/compilers/gcc/6.2.0/x86_64-slc6/lib/gcc/x86_64-pc-linux-gnu/6.2.0]
    arg [-L/cvmfs/clicdp.cern.ch/compilers/gcc/6.2.0/x86_64-slc6/lib/gcc/x86_64-pc-linux-gnu/6.2.0/../../../../lib64] ==> dir [/cvmfs/clicdp.cern.ch/compilers/gcc/6.2.0/x86_64-slc6/lib/gcc/x86_64-pc-linux-gnu/6.2.0/../../../../lib64]
    arg [-L/lib/../lib64] ==> dir [/lib/../lib64]
    arg [-L/usr/lib/../lib64] ==> dir [/usr/lib/../lib64]
    arg [-L/cvmfs/clicdp.cern.ch/compilers/gcc/6.2.0/x86_64-slc6/lib/gcc/x86_64-pc-linux-gnu/6.2.0/../../..] ==> dir [/cvmfs/clicdp.cern.ch/compilers/gcc/6.2.0/x86_64-slc6/lib/gcc/x86_64-pc-linux-gnu/6.2.0/../../..]
    arg [CMakeFiles/cmTC_bff1a.dir/CMakeCXXCompilerABI.cpp.o] ==> ignore
    arg [-lstdc++] ==> lib [stdc++]
    arg [-lm] ==> lib [m]
    arg [-lgcc_s] ==> lib [gcc_s]
    arg [-lgcc] ==> lib [gcc]
    arg [-lc] ==> lib [c]
    arg [-lgcc_s] ==> lib [gcc_s]
    arg [-lgcc] ==> lib [gcc]
    arg [/cvmfs/clicdp.cern.ch/compilers/gcc/6.2.0/x86_64-slc6/lib/gcc/x86_64-pc-linux-gnu/6.2.0/crtend.o] ==> ignore
    arg [/usr/lib/../lib64/crtn.o] ==> ignore
  remove lib [gcc_s]
  remove lib [gcc]
  remove lib [gcc_s]
  remove lib [gcc]
  collapse library dir [/cvmfs/clicdp.cern.ch/compilers/gcc/6.2.0/x86_64-slc6/lib/gcc/x86_64-pc-linux-gnu/6.2.0] ==> [/cvmfs/clicdp.cern.ch/compilers/gcc/6.2.0/x86_64-slc6/lib/gcc/x86_64-pc-linux-gnu/6.2.0]
  collapse library dir [/cvmfs/clicdp.cern.ch/compilers/gcc/6.2.0/x86_64-slc6/lib/gcc/x86_64-pc-linux-gnu/6.2.0/../../../../lib64] ==> [/cvmfs/clicdp.cern.ch/compilers/gcc/6.2.0/x86_64-slc6/lib64]
  collapse library dir [/lib/../lib64] ==> [/lib64]
  collapse library dir [/usr/lib/../lib64] ==> [/usr/lib64]
  collapse library dir [/cvmfs/clicdp.cern.ch/compilers/gcc/6.2.0/x86_64-slc6/lib/gcc/x86_64-pc-linux-gnu/6.2.0/../../..] ==> [/cvmfs/clicdp.cern.ch/compilers/gcc/6.2.0/x86_64-slc6/lib]
  implicit libs: [stdc++;m;c]
  implicit dirs: [/cvmfs/clicdp.cern.ch/compilers/gcc/6.2.0/x86_64-slc6/lib/gcc/x86_64-pc-linux-gnu/6.2.0;/cvmfs/clicdp.cern.ch/compilers/gcc/6.2.0/x86_64-slc6/lib64;/lib64;/usr/lib64;/cvmfs/clicdp.cern.ch/compilers/gcc/6.2.0/x86_64-slc6/lib]
  implicit fwks: []




Detecting CXX [-std=c++14] compiler features compiled with the following output:
Change Dir: /afs/cern.ch/user/m/mpetric/nightly_cppcheck/dd4hep/doc/CMakeFiles/CMakeTmp

Run Build Command:"/usr/bin/gmake" "cmTC_1d32d/fast"
/usr/bin/gmake -f CMakeFiles/cmTC_1d32d.dir/build.make CMakeFiles/cmTC_1d32d.dir/build
gmake[1]: Entering directory `/afs/cern.ch/user/m/mpetric/nightly_cppcheck/dd4hep/doc/CMakeFiles/CMakeTmp'
Building CXX object CMakeFiles/cmTC_1d32d.dir/feature_tests.cxx.o
/cvmfs/clicdp.cern.ch/compilers/gcc/6.2.0/x86_64-slc6/bin/g++     -std=c++14 -o CMakeFiles/cmTC_1d32d.dir/feature_tests.cxx.o -c /afs/cern.ch/user/m/mpetric/nightly_cppcheck/dd4hep/doc/CMakeFiles/feature_tests.cxx
Linking CXX executable cmTC_1d32d
/cvmfs/clicdp.cern.ch/software/CMake/3.6.2/x86_64-slc6-gcc62-opt/bin/cmake -E cmake_link_script CMakeFiles/cmTC_1d32d.dir/link.txt --verbose=1
/cvmfs/clicdp.cern.ch/compilers/gcc/6.2.0/x86_64-slc6/bin/g++        CMakeFiles/cmTC_1d32d.dir/feature_tests.cxx.o  -o cmTC_1d32d -rdynamic 
gmake[1]: Leaving directory `/afs/cern.ch/user/m/mpetric/nightly_cppcheck/dd4hep/doc/CMakeFiles/CMakeTmp'


    Feature record: CXX_FEATURE:1cxx_aggregate_default_initializers
    Feature record: CXX_FEATURE:1cxx_alias_templates
    Feature record: CXX_FEATURE:1cxx_alignas
    Feature record: CXX_FEATURE:1cxx_alignof
    Feature record: CXX_FEATURE:1cxx_attributes
    Feature record: CXX_FEATURE:1cxx_attribute_deprecated
    Feature record: CXX_FEATURE:1cxx_auto_type
    Feature record: CXX_FEATURE:1cxx_binary_literals
    Feature record: CXX_FEATURE:1cxx_constexpr
    Feature record: CXX_FEATURE:1cxx_contextual_conversions
    Feature record: CXX_FEATURE:1cxx_decltype
    Feature record: CXX_FEATURE:1cxx_decltype_auto
    Feature record: CXX_FEATURE:1cxx_decltype_incomplete_return_types
    Feature record: CXX_FEATURE:1cxx_default_function_template_args
    Feature record: CXX_FEATURE:1cxx_defaulted_functions
    Feature record: CXX_FEATURE:1cxx_defaulted_move_initializers
    Feature record: CXX_FEATURE:1cxx_delegating_constructors
    Feature record: CXX_FEATURE:1cxx_deleted_functions
    Feature record: CXX_FEATURE:1cxx_digit_separators
    Feature record: CXX_FEATURE:1cxx_enum_forward_declarations
    Feature record: CXX_FEATURE:1cxx_explicit_conversions
    Feature record: CXX_FEATURE:1cxx_extended_friend_declarations
    Feature record: CXX_FEATURE:1cxx_extern_templates
    Feature record: CXX_FEATURE:1cxx_final
    Feature record: CXX_FEATURE:1cxx_func_identifier
    Feature record: CXX_FEATURE:1cxx_generalized_initializers
    Feature record: CXX_FEATURE:1cxx_generic_lambdas
    Feature record: CXX_FEATURE:1cxx_inheriting_constructors
    Feature record: CXX_FEATURE:1cxx_inline_namespaces
    Feature record: CXX_FEATURE:1cxx_lambdas
    Feature record: CXX_FEATURE:1cxx_lambda_init_captures
    Feature record: CXX_FEATURE:1cxx_local_type_template_args
    Feature record: CXX_FEATURE:1cxx_long_long_type
    Feature record: CXX_FEATURE:1cxx_noexcept
    Feature record: CXX_FEATURE:1cxx_nonstatic_member_init
    Feature record: CXX_FEATURE:1cxx_nullptr
    Feature record: CXX_FEATURE:1cxx_override
    Feature record: CXX_FEATURE:1cxx_range_for
    Feature record: CXX_FEATURE:1cxx_raw_string_literals
    Feature record: CXX_FEATURE:1cxx_reference_qualified_functions
    Feature record: CXX_FEATURE:1cxx_relaxed_constexpr
    Feature record: CXX_FEATURE:1cxx_return_type_deduction
    Feature record: CXX_FEATURE:1cxx_right_angle_brackets
    Feature record: CXX_FEATURE:1cxx_rvalue_references
    Feature record: CXX_FEATURE:1cxx_sizeof_member
    Feature record: CXX_FEATURE:1cxx_static_assert
    Feature record: CXX_FEATURE:1cxx_strong_enums
    Feature record: CXX_FEATURE:1cxx_template_template_parameters
    Feature record: CXX_FEATURE:1cxx_thread_local
    Feature record: CXX_FEATURE:1cxx_trailing_return_types
    Feature record: CXX_FEATURE:1cxx_unicode_literals
    Feature record: CXX_FEATURE:1cxx_uniform_initialization
    Feature record: CXX_FEATURE:1cxx_unrestricted_unions
    Feature record: CXX_FEATURE:1cxx_user_literals
    Feature record: CXX_FEATURE:1cxx_variable_templates
    Feature record: CXX_FEATURE:1cxx_variadic_macros
    Feature record: CXX_FEATURE:1cxx_variadic_templates


Detecting CXX [-std=c++11] compiler features compiled with the following output:
Change Dir: /afs/cern.ch/user/m/mpetric/nightly_cppcheck/dd4hep/doc/CMakeFiles/CMakeTmp

Run Build Command:"/usr/bin/gmake" "cmTC_b5715/fast"
/usr/bin/gmake -f CMakeFiles/cmTC_b5715.dir/build.make CMakeFiles/cmTC_b5715.dir/build
gmake[1]: Entering directory `/afs/cern.ch/user/m/mpetric/nightly_cppcheck/dd4hep/doc/CMakeFiles/CMakeTmp'
Building CXX object CMakeFiles/cmTC_b5715.dir/feature_tests.cxx.o
/cvmfs/clicdp.cern.ch/compilers/gcc/6.2.0/x86_64-slc6/bin/g++     -std=c++11 -o CMakeFiles/cmTC_b5715.dir/feature_tests.cxx.o -c /afs/cern.ch/user/m/mpetric/nightly_cppcheck/dd4hep/doc/CMakeFiles/feature_tests.cxx
Linking CXX executable cmTC_b5715
/cvmfs/clicdp.cern.ch/software/CMake/3.6.2/x86_64-slc6-gcc62-opt/bin/cmake -E cmake_link_script CMakeFiles/cmTC_b5715.dir/link.txt --verbose=1
/cvmfs/clicdp.cern.ch/compilers/gcc/6.2.0/x86_64-slc6/bin/g++        CMakeFiles/cmTC_b5715.dir/feature_tests.cxx.o  -o cmTC_b5715 -rdynamic 
gmake[1]: Leaving directory `/afs/cern.ch/user/m/mpetric/nightly_cppcheck/dd4hep/doc/CMakeFiles/CMakeTmp'


    Feature record: CXX_FEATURE:0cxx_aggregate_default_initializers
    Feature record: CXX_FEATURE:1cxx_alias_templates
    Feature record: CXX_FEATURE:1cxx_alignas
    Feature record: CXX_FEATURE:1cxx_alignof
    Feature record: CXX_FEATURE:1cxx_attributes
    Feature record: CXX_FEATURE:0cxx_attribute_deprecated
    Feature record: CXX_FEATURE:1cxx_auto_type
    Feature record: CXX_FEATURE:0cxx_binary_literals
    Feature record: CXX_FEATURE:1cxx_constexpr
    Feature record: CXX_FEATURE:0cxx_contextual_conversions
    Feature record: CXX_FEATURE:1cxx_decltype
    Feature record: CXX_FEATURE:0cxx_decltype_auto
    Feature record: CXX_FEATURE:1cxx_decltype_incomplete_return_types
    Feature record: CXX_FEATURE:1cxx_default_function_template_args
    Feature record: CXX_FEATURE:1cxx_defaulted_functions
    Feature record: CXX_FEATURE:1cxx_defaulted_move_initializers
    Feature record: CXX_FEATURE:1cxx_delegating_constructors
    Feature record: CXX_FEATURE:1cxx_deleted_functions
    Feature record: CXX_FEATURE:0cxx_digit_separators
    Feature record: CXX_FEATURE:1cxx_enum_forward_declarations
    Feature record: CXX_FEATURE:1cxx_explicit_conversions
    Feature record: CXX_FEATURE:1cxx_extended_friend_declarations
    Feature record: CXX_FEATURE:1cxx_extern_templates
    Feature record: CXX_FEATURE:1cxx_final
    Feature record: CXX_FEATURE:1cxx_func_identifier
    Feature record: CXX_FEATURE:1cxx_generalized_initializers
    Feature record: CXX_FEATURE:0cxx_generic_lambdas
    Feature record: CXX_FEATURE:1cxx_inheriting_constructors
    Feature record: CXX_FEATURE:1cxx_inline_namespaces
    Feature record: CXX_FEATURE:1cxx_lambdas
    Feature record: CXX_FEATURE:0cxx_lambda_init_captures
    Feature record: CXX_FEATURE:1cxx_local_type_template_args
    Feature record: CXX_FEATURE:1cxx_long_long_type
    Feature record: CXX_FEATURE:1cxx_noexcept
    Feature record: CXX_FEATURE:1cxx_nonstatic_member_init
    Feature record: CXX_FEATURE:1cxx_nullptr
    Feature record: CXX_FEATURE:1cxx_override
    Feature record: CXX_FEATURE:1cxx_range_for
    Feature record: CXX_FEATURE:1cxx_raw_string_literals
    Feature record: CXX_FEATURE:1cxx_reference_qualified_functions
    Feature record: CXX_FEATURE:0cxx_relaxed_constexpr
    Feature record: CXX_FEATURE:0cxx_return_type_deduction
    Feature record: CXX_FEATURE:1cxx_right_angle_brackets
    Feature record: CXX_FEATURE:1cxx_rvalue_references
    Feature record: CXX_FEATURE:1cxx_sizeof_member
    Feature record: CXX_FEATURE:1cxx_static_assert
    Feature record: CXX_FEATURE:1cxx_strong_enums
    Feature record: CXX_FEATURE:1cxx_template_template_parameters
    Feature record: CXX_FEATURE:1cxx_thread_local
    Feature record: CXX_FEATURE:1cxx_trailing_return_types
    Feature record: CXX_FEATURE:1cxx_unicode_literals
    Feature record: CXX_FEATURE:1cxx_uniform_initialization
    Feature record: CXX_FEATURE:1cxx_unrestricted_unions
    Feature record: CXX_FEATURE:1cxx_user_literals
    Feature record: CXX_FEATURE:0cxx_variable_templates
    Feature record: CXX_FEATURE:1cxx_variadic_macros
    Feature record: CXX_FEATURE:1cxx_variadic_templates


Detecting CXX [-std=c++98] compiler features compiled with the following output:
Change Dir: /afs/cern.ch/user/m/mpetric/nightly_cppcheck/dd4hep/doc/CMakeFiles/CMakeTmp

Run Build Command:"/usr/bin/gmake" "cmTC_e7cc3/fast"
/usr/bin/gmake -f CMakeFiles/cmTC_e7cc3.dir/build.make CMakeFiles/cmTC_e7cc3.dir/build
gmake[1]: Entering directory `/afs/cern.ch/user/m/mpetric/nightly_cppcheck/dd4hep/doc/CMakeFiles/CMakeTmp'
Building CXX object CMakeFiles/cmTC_e7cc3.dir/feature_tests.cxx.o
/cvmfs/clicdp.cern.ch/compilers/gcc/6.2.0/x86_64-slc6/bin/g++     -std=c++98 -o CMakeFiles/cmTC_e7cc3.dir/feature_tests.cxx.o -c /afs/cern.ch/user/m/mpetric/nightly_cppcheck/dd4hep/doc/CMakeFiles/feature_tests.cxx
Linking CXX executable cmTC_e7cc3
/cvmfs/clicdp.cern.ch/software/CMake/3.6.2/x86_64-slc6-gcc62-opt/bin/cmake -E cmake_link_script CMakeFiles/cmTC_e7cc3.dir/link.txt --verbose=1
/cvmfs/clicdp.cern.ch/compilers/gcc/6.2.0/x86_64-slc6/bin/g++        CMakeFiles/cmTC_e7cc3.dir/feature_tests.cxx.o  -o cmTC_e7cc3 -rdynamic 
gmake[1]: Leaving directory `/afs/cern.ch/user/m/mpetric/nightly_cppcheck/dd4hep/doc/CMakeFiles/CMakeTmp'


    Feature record: CXX_FEATURE:0cxx_aggregate_default_initializers
    Feature record: CXX_FEATURE:0cxx_alias_templates
    Feature record: CXX_FEATURE:0cxx_alignas
    Feature record: CXX_FEATURE:0cxx_alignof
    Feature record: CXX_FEATURE:0cxx_attributes
    Feature record: CXX_FEATURE:0cxx_attribute_deprecated
    Feature record: CXX_FEATURE:0cxx_auto_type
    Feature record: CXX_FEATURE:0cxx_binary_literals
    Feature record: CXX_FEATURE:0cxx_constexpr
    Feature record: CXX_FEATURE:0cxx_contextual_conversions
    Feature record: CXX_FEATURE:0cxx_decltype
    Feature record: CXX_FEATURE:0cxx_decltype_auto
    Feature record: CXX_FEATURE:0cxx_decltype_incomplete_return_types
    Feature record: CXX_FEATURE:0cxx_default_function_template_args
    Feature record: CXX_FEATURE:0cxx_defaulted_functions
    Feature record: CXX_FEATURE:0cxx_defaulted_move_initializers
    Feature record: CXX_FEATURE:0cxx_delegating_constructors
    Feature record: CXX_FEATURE:0cxx_deleted_functions
    Feature record: CXX_FEATURE:0cxx_digit_separators
    Feature record: CXX_FEATURE:0cxx_enum_forward_declarations
    Feature record: CXX_FEATURE:0cxx_explicit_conversions
    Feature record: CXX_FEATURE:0cxx_extended_friend_declarations
    Feature record: CXX_FEATURE:0cxx_extern_templates
    Feature record: CXX_FEATURE:0cxx_final
    Feature record: CXX_FEATURE:0cxx_func_identifier
    Feature record: CXX_FEATURE:0cxx_generalized_initializers
    Feature record: CXX_FEATURE:0cxx_generic_lambdas
    Feature record: CXX_FEATURE:0cxx_inheriting_constructors
    Feature record: CXX_FEATURE:0cxx_inline_namespaces
    Feature record: CXX_FEATURE:0cxx_lambdas
    Feature record: CXX_FEATURE:0cxx_lambda_init_captures
    Feature record: CXX_FEATURE:0cxx_local_type_template_args
    Feature record: CXX_FEATURE:0cxx_long_long_type
    Feature record: CXX_FEATURE:0cxx_noexcept
    Feature record: CXX_FEATURE:0cxx_nonstatic_member_init
    Feature record: CXX_FEATURE:0cxx_nullptr
    Feature record: CXX_FEATURE:0cxx_override
    Feature record: CXX_FEATURE:0cxx_range_for
    Feature record: CXX_FEATURE:0cxx_raw_string_literals
    Feature record: CXX_FEATURE:0cxx_reference_qualified_functions
    Feature record: CXX_FEATURE:0cxx_relaxed_constexpr
    Feature record: CXX_FEATURE:0cxx_return_type_deduction
    Feature record: CXX_FEATURE:0cxx_right_angle_brackets
    Feature record: CXX_FEATURE:0cxx_rvalue_references
    Feature record: CXX_FEATURE:0cxx_sizeof_member
    Feature record: CXX_FEATURE:0cxx_static_assert
    Feature record: CXX_FEATURE:0cxx_strong_enums
    Feature record: CXX_FEATURE:1cxx_template_template_parameters
    Feature record: CXX_FEATURE:0cxx_thread_local
    Feature record: CXX_FEATURE:0cxx_trailing_return_types
    Feature record: CXX_FEATURE:0cxx_unicode_literals
    Feature record: CXX_FEATURE:0cxx_uniform_initialization
    Feature record: CXX_FEATURE:0cxx_unrestricted_unions
    Feature record: CXX_FEATURE:0cxx_user_literals
    Feature record: CXX_FEATURE:0cxx_variable_templates
    Feature record: CXX_FEATURE:0cxx_variadic_macros
    Feature record: CXX_FEATURE:0cxx_variadic_templates
